  OpenCv0318.cpp
f:\opencvtest\opencv0318\opencv0318\opencv0318\opencv0318.cpp(8): error C2871: “cv”: 具有该名称的命名空间不存在
f:\opencvtest\opencv0318\opencv0318\opencv0318\opencv0318.cpp(12): error C2065: “Mat”: 未声明的标识符
f:\opencvtest\opencv0318\opencv0318\opencv0318\opencv0318.cpp(12): error C2146: 语法错误: 缺少“;”(在标识符“src”的前面)
f:\opencvtest\opencv0318\opencv0318\opencv0318\opencv0318.cpp(12): error C2065: “src”: 未声明的标识符
f:\opencvtest\opencv0318\opencv0318\opencv0318\opencv0318.cpp(12): error C3861: “imread”: 找不到标识符
f:\opencvtest\opencv0318\opencv0318\opencv0318\opencv0318.cpp(13): error C2065: “src”: 未声明的标识符
f:\opencvtest\opencv0318\opencv0318\opencv0318\opencv0318.cpp(13): error C2228: “.data”的左边必须有类/结构/联合
  f:\opencvtest\opencv0318\opencv0318\opencv0318\opencv0318.cpp(13): note: 类型是“unknown-type”
f:\opencvtest\opencv0318\opencv0318\opencv0318\opencv0318.cpp(15): error C2065: “cout”: 未声明的标识符
f:\opencvtest\opencv0318\opencv0318\opencv0318\opencv0318.cpp(15): error C2065: “endl”: 未声明的标识符
f:\opencvtest\opencv0318\opencv0318\opencv0318\opencv0318.cpp(18): error C2065: “src”: 未声明的标识符
f:\opencvtest\opencv0318\opencv0318\opencv0318\opencv0318.cpp(18): error C2228: “.rows”的左边必须有类/结构/联合
  f:\opencvtest\opencv0318\opencv0318\opencv0318\opencv0318.cpp(18): note: 类型是“unknown-type”
f:\opencvtest\opencv0318\opencv0318\opencv0318\opencv0318.cpp(18): error C3861: “getOptimalDFTSize”: 找不到标识符
f:\opencvtest\opencv0318\opencv0318\opencv0318\opencv0318.cpp(19): error C2065: “src”: 未声明的标识符
f:\opencvtest\opencv0318\opencv0318\opencv0318\opencv0318.cpp(19): error C2228: “.cols”的左边必须有类/结构/联合
  f:\opencvtest\opencv0318\opencv0318\opencv0318\opencv0318.cpp(19): note: 类型是“unknown-type”
f:\opencvtest\opencv0318\opencv0318\opencv0318\opencv0318.cpp(19): error C3861: “getOptimalDFTSize”: 找不到标识符
f:\opencvtest\opencv0318\opencv0318\opencv0318\opencv0318.cpp(20): error C2065: “cout”: 未声明的标识符
f:\opencvtest\opencv0318\opencv0318\opencv0318\opencv0318.cpp(20): error C2065: “endl”: 未声明的标识符
f:\opencvtest\opencv0318\opencv0318\opencv0318\opencv0318.cpp(21): error C2065: “cout”: 未声明的标识符
f:\opencvtest\opencv0318\opencv0318\opencv0318\opencv0318.cpp(21): error C2065: “endl”: 未声明的标识符
f:\opencvtest\opencv0318\opencv0318\opencv0318\opencv0318.cpp(22): error C2065: “src”: 未声明的标识符
f:\opencvtest\opencv0318\opencv0318\opencv0318\opencv0318.cpp(22): error C3861: “imshow”: 找不到标识符
f:\opencvtest\opencv0318\opencv0318\opencv0318\opencv0318.cpp(23): error C2065: “Mat”: 未声明的标识符
f:\opencvtest\opencv0318\opencv0318\opencv0318\opencv0318.cpp(23): error C2146: 语法错误: 缺少“;”(在标识符“padded”的前面)
f:\opencvtest\opencv0318\opencv0318\opencv0318\opencv0318.cpp(23): error C2065: “padded”: 未声明的标识符
f:\opencvtest\opencv0318\opencv0318\opencv0318\opencv0318.cpp(25): error C2065: “src”: 未声明的标识符
f:\opencvtest\opencv0318\opencv0318\opencv0318\opencv0318.cpp(25): error C2065: “padded”: 未声明的标识符
f:\opencvtest\opencv0318\opencv0318\opencv0318\opencv0318.cpp(25): error C2228: “.rows”的左边必须有类/结构/联合
  f:\opencvtest\opencv0318\opencv0318\opencv0318\opencv0318.cpp(25): note: 类型是“unknown-type”
f:\opencvtest\opencv0318\opencv0318\opencv0318\opencv0318.cpp(25): error C2228: “.cols”的左边必须有类/结构/联合
  f:\opencvtest\opencv0318\opencv0318\opencv0318\opencv0318.cpp(25): note: 类型是“unknown-type”
f:\opencvtest\opencv0318\opencv0318\opencv0318\opencv0318.cpp(25): error C2065: “BORDER_CONSTANT”: 未声明的标识符
f:\opencvtest\opencv0318\opencv0318\opencv0318\opencv0318.cpp(25): error C2653: “Scalar”: 不是类或命名空间名称
f:\opencvtest\opencv0318\opencv0318\opencv0318\opencv0318.cpp(25): error C3861: “all”: 找不到标识符
f:\opencvtest\opencv0318\opencv0318\opencv0318\opencv0318.cpp(25): error C3861: “copyMakeBorder”: 找不到标识符
f:\opencvtest\opencv0318\opencv0318\opencv0318\opencv0318.cpp(26): error C2065: “cout”: 未声明的标识符
f:\opencvtest\opencv0318\opencv0318\opencv0318\opencv0318.cpp(26): error C2065: “padded”: 未声明的标识符
f:\opencvtest\opencv0318\opencv0318\opencv0318\opencv0318.cpp(26): error C2228: “.size”的左边必须有类/结构/联合
  f:\opencvtest\opencv0318\opencv0318\opencv0318\opencv0318.cpp(26): note: 类型是“unknown-type”
f:\opencvtest\opencv0318\opencv0318\opencv0318\opencv0318.cpp(26): error C2065: “endl”: 未声明的标识符
f:\opencvtest\opencv0318\opencv0318\opencv0318\opencv0318.cpp(28): error C2065: “Mat”: 未声明的标识符
f:\opencvtest\opencv0318\opencv0318\opencv0318\opencv0318.cpp(28): error C2146: 语法错误: 缺少“;”(在标识符“planes”的前面)
f:\opencvtest\opencv0318\opencv0318\opencv0318\opencv0318.cpp(28): error C2065: “planes”: 未声明的标识符
f:\opencvtest\opencv0318\opencv0318\opencv0318\opencv0318.cpp(28): error C2059: 语法错误:“]”
f:\opencvtest\opencv0318\opencv0318\opencv0318\opencv0318.cpp(28): error C2143: 语法错误: 缺少“;”(在“{”的前面)
f:\opencvtest\opencv0318\opencv0318\opencv0318\opencv0318.cpp(28): error C2065: “Mat_”: 未声明的标识符
f:\opencvtest\opencv0318\opencv0318\opencv0318\opencv0318.cpp(28): error C2062: 意外的类型“float”
f:\opencvtest\opencv0318\opencv0318\opencv0318\opencv0318.cpp(28): error C2653: “Mat”: 不是类或命名空间名称
f:\opencvtest\opencv0318\opencv0318\opencv0318\opencv0318.cpp(29): error C2065: “Mat”: 未声明的标识符
f:\opencvtest\opencv0318\opencv0318\opencv0318\opencv0318.cpp(29): error C2146: 语法错误: 缺少“;”(在标识符“complex”的前面)
f:\opencvtest\opencv0318\opencv0318\opencv0318\opencv0318.cpp(29): error C2065: “complex”: 未声明的标识符
f:\opencvtest\opencv0318\opencv0318\opencv0318\opencv0318.cpp(30): error C2065: “planes”: 未声明的标识符
f:\opencvtest\opencv0318\opencv0318\opencv0318\opencv0318.cpp(30): error C2065: “complex”: 未声明的标识符
f:\opencvtest\opencv0318\opencv0318\opencv0318\opencv0318.cpp(30): error C3861: “merge”: 找不到标识符
f:\opencvtest\opencv0318\opencv0318\opencv0318\opencv0318.cpp(32): error C2065: “complex”: 未声明的标识符
f:\opencvtest\opencv0318\opencv0318\opencv0318\opencv0318.cpp(32): error C3861: “dft”: 找不到标识符
f:\opencvtest\opencv0318\opencv0318\opencv0318\opencv0318.cpp(33): error C2065: “cout”: 未声明的标识符
f:\opencvtest\opencv0318\opencv0318\opencv0318\opencv0318.cpp(33): error C2065: “complex”: 未声明的标识符
f:\opencvtest\opencv0318\opencv0318\opencv0318\opencv0318.cpp(33): error C2228: “.size”的左边必须有类/结构/联合
  f:\opencvtest\opencv0318\opencv0318\opencv0318\opencv0318.cpp(33): note: 类型是“unknown-type”
f:\opencvtest\opencv0318\opencv0318\opencv0318\opencv0318.cpp(33): error C2065: “endl”: 未声明的标识符
f:\opencvtest\opencv0318\opencv0318\opencv0318\opencv0318.cpp(35): error C2065: “complex”: 未声明的标识符
f:\opencvtest\opencv0318\opencv0318\opencv0318\opencv0318.cpp(35): error C2065: “planes”: 未声明的标识符
f:\opencvtest\opencv0318\opencv0318\opencv0318\opencv0318.cpp(35): error C3861: “split”: 找不到标识符
f:\opencvtest\opencv0318\opencv0318\opencv0318\opencv0318.cpp(36): error C2065: “planes”: 未声明的标识符
f:\opencvtest\opencv0318\opencv0318\opencv0318\opencv0318.cpp(36): error C3861: “magnitude”: 找不到标识符
f:\opencvtest\opencv0318\opencv0318\opencv0318\opencv0318.cpp(37): error C2065: “Mat”: 未声明的标识符
f:\opencvtest\opencv0318\opencv0318\opencv0318\opencv0318.cpp(37): error C2146: 语法错误: 缺少“;”(在标识符“magtitudeImg”的前面)
f:\opencvtest\opencv0318\opencv0318\opencv0318\opencv0318.cpp(37): error C2065: “magtitudeImg”: 未声明的标识符
f:\opencvtest\opencv0318\opencv0318\opencv0318\opencv0318.cpp(37): error C2065: “planes”: 未声明的标识符
f:\opencvtest\opencv0318\opencv0318\opencv0318\opencv0318.cpp(39): error C2065: “magtitudeImg”: 未声明的标识符
f:\opencvtest\opencv0318\opencv0318\opencv0318\opencv0318.cpp(39): error C2653: “Scalar”: 不是类或命名空间名称
f:\opencvtest\opencv0318\opencv0318\opencv0318\opencv0318.cpp(39): error C3861: “all”: 找不到标识符
f:\opencvtest\opencv0318\opencv0318\opencv0318\opencv0318.cpp(40): error C2065: “magtitudeImg”: 未声明的标识符
f:\opencvtest\opencv0318\opencv0318\opencv0318\opencv0318.cpp(40): error C3861: “log”: 找不到标识符
f:\opencvtest\opencv0318\opencv0318\opencv0318\opencv0318.cpp(42): error C2065: “magtitudeImg”: 未声明的标识符
f:\opencvtest\opencv0318\opencv0318\opencv0318\opencv0318.cpp(42): error C2228: “.cols”的左边必须有类/结构/联合
  f:\opencvtest\opencv0318\opencv0318\opencv0318\opencv0318.cpp(42): note: 类型是“unknown-type”
f:\opencvtest\opencv0318\opencv0318\opencv0318\opencv0318.cpp(42): error C2228: “.rows”的左边必须有类/结构/联合
  f:\opencvtest\opencv0318\opencv0318\opencv0318\opencv0318.cpp(42): note: 类型是“unknown-type”
f:\opencvtest\opencv0318\opencv0318\opencv0318\opencv0318.cpp(42): error C3861: “Rect”: 找不到标识符
f:\opencvtest\opencv0318\opencv0318\opencv0318\opencv0318.cpp(42): error C3861: “magtitudeImg”: 找不到标识符
f:\opencvtest\opencv0318\opencv0318\opencv0318\opencv0318.cpp(44): error C2065: “cout”: 未声明的标识符
f:\opencvtest\opencv0318\opencv0318\opencv0318\opencv0318.cpp(44): error C2065: “magtitudeImg”: 未声明的标识符
f:\opencvtest\opencv0318\opencv0318\opencv0318\opencv0318.cpp(44): error C2228: “.size”的左边必须有类/结构/联合
  f:\opencvtest\opencv0318\opencv0318\opencv0318\opencv0318.cpp(44): note: 类型是“unknown-type”
f:\opencvtest\opencv0318\opencv0318\opencv0318\opencv0318.cpp(44): error C2065: “endl”: 未声明的标识符
f:\opencvtest\opencv0318\opencv0318\opencv0318\opencv0318.cpp(46): error C2065: “magtitudeImg”: 未声明的标识符
f:\opencvtest\opencv0318\opencv0318\opencv0318\opencv0318.cpp(46): error C2228: “.cols”的左边必须有类/结构/联合
  f:\opencvtest\opencv0318\opencv0318\opencv0318\opencv0318.cpp(46): note: 类型是“unknown-type”
f:\opencvtest\opencv0318\opencv0318\opencv0318\opencv0318.cpp(47): error C2065: “magtitudeImg”: 未声明的标识符
f:\opencvtest\opencv0318\opencv0318\opencv0318\opencv0318.cpp(47): error C2228: “.rows”的左边必须有类/结构/联合
  f:\opencvtest\opencv0318\opencv0318\opencv0318\opencv0318.cpp(47): note: 类型是“unknown-type”
f:\opencvtest\opencv0318\opencv0318\opencv0318\opencv0318.cpp(48): error C2065: “Mat”: 未声明的标识符
f:\opencvtest\opencv0318\opencv0318\opencv0318\opencv0318.cpp(48): error C2146: 语法错误: 缺少“;”(在标识符“quadrant1”的前面)
f:\opencvtest\opencv0318\opencv0318\opencv0318\opencv0318.cpp(48): error C2065: “quadrant1”: 未声明的标识符
f:\opencvtest\opencv0318\opencv0318\opencv0318\opencv0318.cpp(48): error C3861: “Rect”: 找不到标识符
f:\opencvtest\opencv0318\opencv0318\opencv0318\opencv0318.cpp(48): error C3861: “magtitudeImg”: 找不到标识符
f:\opencvtest\opencv0318\opencv0318\opencv0318\opencv0318.cpp(49): error C2065: “Mat”: 未声明的标识符
f:\opencvtest\opencv0318\opencv0318\opencv0318\opencv0318.cpp(49): error C2146: 语法错误: 缺少“;”(在标识符“quadrant2”的前面)
f:\opencvtest\opencv0318\opencv0318\opencv0318\opencv0318.cpp(49): error C2065: “quadrant2”: 未声明的标识符
f:\opencvtest\opencv0318\opencv0318\opencv0318\opencv0318.cpp(49): error C3861: “Rect”: 找不到标识符
f:\opencvtest\opencv0318\opencv0318\opencv0318\opencv0318.cpp(49): error C3861: “magtitudeImg”: 找不到标识符
f:\opencvtest\opencv0318\opencv0318\opencv0318\opencv0318.cpp(50): error C2065: “Mat”: 未声明的标识符
f:\opencvtest\opencv0318\opencv0318\opencv0318\opencv0318.cpp(50): error C2146: 语法错误: 缺少“;”(在标识符“quadrant3”的前面)
f:\opencvtest\opencv0318\opencv0318\opencv0318\opencv0318.cpp(50): error C2065: “quadrant3”: 未声明的标识符
f:\opencvtest\opencv0318\opencv0318\opencv0318\opencv0318.cpp(50): error C3861: “Rect”: 找不到标识符
f:\opencvtest\opencv0318\opencv0318\opencv0318\opencv0318.cpp(50): error C3861: “magtitudeImg”: 找不到标识符
f:\opencvtest\opencv0318\opencv0318\opencv0318\opencv0318.cpp(51): error C2065: “Mat”: 未声明的标识符
f:\opencvtest\opencv0318\opencv0318\opencv0318\opencv0318.cpp(51): error C2146: 语法错误: 缺少“;”(在标识符“quadrant4”的前面)
f:\opencvtest\opencv0318\opencv0318\opencv0318\opencv0318.cpp(51): error C2065: “quadrant4”: 未声明的标识符
f:\opencvtest\opencv0318\opencv0318\opencv0318\opencv0318.cpp(51): fatal error C1003: 错误计数超过 100；正在停止编译
